1542653703673	geckodriver	INFO	geckodriver 0.20.0
1542653703688	geckodriver	INFO	Listening on 127.0.0.1:47291
1542653704738	mozrunner::runner	INFO	Running command: "/usr/bin/firefox" "-marionette" "-profile" "/tmp/rust_mozprofile.Z4Wwz8pb3TtE"
1542653705356	Marionette	DEBUG	Received observer notification profile-after-change
1542653705896	Marionette	DEBUG	Received observer notification command-line-startup
1542653705896	Marionette	DEBUG	Received observer notification nsPref:changed
1542653705896	Marionette	DEBUG	Init aborted (running=false, enabled=true, finalUIStartup=false)

(firefox:7545): Gtk-WARNING **: 16:55:05.925: Theme parsing error: <data>:1:34: Expected ')' in color definition

(firefox:7545): Gtk-WARNING **: 16:55:05.925: Theme parsing error: <data>:1:77: Expected ')' in color definition
1542653706872	Marionette	DEBUG	Received observer notification toplevel-window-ready
1542653708808	Marionette	DEBUG	Received observer notification sessionstore-windows-restored
1542653708808	Marionette	DEBUG	Waiting for delayed startup...
1542653708995	Marionette	DEBUG	Setting recommended pref app.update.disabledForTesting to true
1542653708995	Marionette	DEBUG	Setting recommended pref security.turn_off_all_security_so_that_viruses_can_take_over_this_computer to true
1542653708996	Marionette	DEBUG	Setting recommended pref toolkit.cosmeticAnimations.enabled to false
1542653708997	Marionette	DEBUG	Setting recommended pref datareporting.policy.dataSubmissionPolicyAccepted to false
1542653708997	Marionette	DEBUG	Setting recommended pref dom.disable_beforeunload to true
1542653709359	Marionette	INFO	Listening on port 43461
1542653709359	Marionette	DEBUG	Remote service is active
1542653709460	Marionette	DEBUG	Accepted connection 0 from 127.0.0.1:59874
1542653709464	Marionette	TRACE	0 -> [0,1,"newSession",{"acceptInsecureCerts":true,"browserName":"firefox","capabilities":{"desiredCapabilities":{"acceptInsecureCerts":true,"browserName":"firefox"}}}]
1542653709466	Marionette	TRACE	0 <- [1,1,{"error":"unknown command","message":"newSession","stacktrace":"WebDriverError@chrome://marionette/content/error.js:178: ... et@chrome://marionette/content/server.js:245:8\n_onJSONObjectReady/<@chrome://marionette/content/transport.js:490:9\n"},null]
1542653848488	geckodriver	INFO	geckodriver 0.20.0
1542653848508	geckodriver	INFO	Listening on 127.0.0.1:59555
1542653849518	mozrunner::runner	INFO	Running command: "/usr/bin/firefox" "-marionette" "-profile" "/tmp/rust_mozprofile.uWg1VWhQ7Ydl"
1542653849914	Marionette	DEBUG	Received observer notification profile-after-change
1542653850370	Marionette	DEBUG	Received observer notification command-line-startup
1542653850370	Marionette	DEBUG	Received observer notification nsPref:changed
1542653850370	Marionette	DEBUG	Init aborted (running=false, enabled=true, finalUIStartup=false)

(firefox:7975): Gtk-WARNING **: 16:57:30.400: Theme parsing error: <data>:1:34: Expected ')' in color definition

(firefox:7975): Gtk-WARNING **: 16:57:30.400: Theme parsing error: <data>:1:77: Expected ')' in color definition
1542653851396	Marionette	DEBUG	Received observer notification toplevel-window-ready
1542653852544	Marionette	DEBUG	Received observer notification sessionstore-windows-restored
1542653852544	Marionette	DEBUG	Waiting for delayed startup...
1542653852671	Marionette	DEBUG	Setting recommended pref app.update.disabledForTesting to true
1542653852671	Marionette	DEBUG	Setting recommended pref security.turn_off_all_security_so_that_viruses_can_take_over_this_computer to true
1542653852672	Marionette	DEBUG	Setting recommended pref toolkit.cosmeticAnimations.enabled to false
1542653852673	Marionette	DEBUG	Setting recommended pref datareporting.policy.dataSubmissionPolicyAccepted to false
1542653852673	Marionette	DEBUG	Setting recommended pref dom.disable_beforeunload to true
1542653852703	Marionette	INFO	Listening on port 36327
1542653852703	Marionette	DEBUG	Remote service is active
1542653852797	Marionette	DEBUG	Accepted connection 0 from 127.0.0.1:41776
1542653852799	Marionette	TRACE	0 -> [0,1,"newSession",{"acceptInsecureCerts":true,"browserName":"firefox","capabilities":{"desiredCapabilities":{"acceptInsecureCerts":true,"browserName":"firefox"}}}]
1542653852800	Marionette	TRACE	0 <- [1,1,{"error":"unknown command","message":"newSession","stacktrace":"WebDriverError@chrome://marionette/content/error.js:178: ... et@chrome://marionette/content/server.js:245:8\n_onJSONObjectReady/<@chrome://marionette/content/transport.js:490:9\n"},null]

(firefox:7975): GLib-GObject-WARNING **: 16:57:42.416: ../../../../gobject/gsignal.c:3492: signal name 'selection_changed' is invalid for instance '0x7f50f1b40e20' of type 'MaiAtkType139'

(firefox:7975): GLib-GObject-WARNING **: 16:57:42.896: ../../../../gobject/gsignal.c:3492: signal name 'load_complete' is invalid for instance '0x7f50f1b68ce0' of type 'MaiAtkType139'
1542653943076	geckodriver	INFO	geckodriver 0.20.0
1542653943083	geckodriver	INFO	Listening on 127.0.0.1:58109
1542653944100	mozrunner::runner	INFO	Running command: "/usr/bin/firefox" "-marionette" "-profile" "/tmp/rust_mozprofile.Q8rvN65K0wni"
1542653944485	Marionette	DEBUG	Received observer notification profile-after-change
1542653945006	Marionette	DEBUG	Received observer notification command-line-startup
1542653945006	Marionette	DEBUG	Received observer notification nsPref:changed
1542653945006	Marionette	DEBUG	Init aborted (running=false, enabled=true, finalUIStartup=false)

(firefox:8384): Gtk-WARNING **: 16:59:05.035: Theme parsing error: <data>:1:34: Expected ')' in color definition

(firefox:8384): Gtk-WARNING **: 16:59:05.035: Theme parsing error: <data>:1:77: Expected ')' in color definition
1542653945900	Marionette	DEBUG	Received observer notification toplevel-window-ready
1542653947019	Marionette	DEBUG	Received observer notification sessionstore-windows-restored
1542653947019	Marionette	DEBUG	Waiting for delayed startup...
1542653947104	Marionette	DEBUG	Setting recommended pref app.update.disabledForTesting to true
1542653947104	Marionette	DEBUG	Setting recommended pref security.turn_off_all_security_so_that_viruses_can_take_over_this_computer to true
1542653947105	Marionette	DEBUG	Setting recommended pref toolkit.cosmeticAnimations.enabled to false
1542653947105	Marionette	DEBUG	Setting recommended pref datareporting.policy.dataSubmissionPolicyAccepted to false
1542653947105	Marionette	DEBUG	Setting recommended pref dom.disable_beforeunload to true
1542653947136	Marionette	INFO	Listening on port 45101
1542653947136	Marionette	DEBUG	Remote service is active
1542653947234	Marionette	DEBUG	Accepted connection 0 from 127.0.0.1:59650
1542653947236	Marionette	TRACE	0 -> [0,1,"newSession",{"acceptInsecureCerts":true,"browserName":"firefox","capabilities":{"desiredCapabilities":{"acceptInsecureCerts":true,"browserName":"firefox"}}}]
1542653947236	Marionette	TRACE	0 <- [1,1,{"error":"unknown command","message":"newSession","stacktrace":"WebDriverError@chrome://marionette/content/error.js:178: ... et@chrome://marionette/content/server.js:245:8\n_onJSONObjectReady/<@chrome://marionette/content/transport.js:490:9\n"},null]
JavaScript error: resource://activity-stream/lib/ActivityStreamPrefs.jsm, line 29: NS_ERROR_ILLEGAL_VALUE: Component returned failure code: 0x80070057 (NS_ERROR_ILLEGAL_VALUE) [nsIPrefBranch.removeObserver]
1542653949305	Marionette	DEBUG	Closed connection 0
[Parent 8384, Gecko_IOThread] WARNING: pipe error (62): Connection reset by peer: file /build/firefox-4VfQCB/firefox-63.0+build2/ipc/chromium/src/chrome/common/ipc_channel_posix.cc, line 356
[Parent 8384, Gecko_IOThread] WARNING: pipe error (67): Connection reset by peer: file /build/firefox-4VfQCB/firefox-63.0+build2/ipc/chromium/src/chrome/common/ipc_channel_posix.cc, line 356
console.error: PushService: 
  clearOriginData: Error clearing origin data:
  UnknownError
console.error: PushService: 
  stateChangeProcessEnqueue: Error transitioning state
  UnknownError

###!!! [Parent][DispatchAsyncMessage] Error: PBackgroundIDBFactory::Msg_PBackgroundIDBFactoryRequestConstructor Value error: message was deserialized, but contained an illegal value


###!!! [Parent][DispatchAsyncMessage] Error: PBackgroundIDBFactory::Msg_PBackgroundIDBFactoryRequestConstructor Value error: message was deserialized, but contained an illegal value

1542653950680	Marionette	DEBUG	Received observer notification xpcom-will-shutdown
1542653950680	Marionette	DEBUG	Resetting recommended pref app.update.disabledForTesting
1542653950681	Marionette	DEBUG	Resetting recommended pref security.turn_off_all_security_so_that_viruses_can_take_over_this_computer
1542653950681	Marionette	DEBUG	Resetting recommended pref toolkit.cosmeticAnimations.enabled
1542653950682	Marionette	DEBUG	Resetting recommended pref datareporting.policy.dataSubmissionPolicyAccepted
1542653950683	Marionette	DEBUG	Resetting recommended pref dom.disable_beforeunload
1542653950683	Marionette	INFO	Stopped listening on port 45101
1542653950683	Marionette	DEBUG	Remote service is inactive
1542653951049	geckodriver::marionette	ERROR	Failed to stop browser process
1542654058860	geckodriver	INFO	geckodriver 0.20.0
1542654058863	geckodriver	INFO	Listening on 127.0.0.1:50377
1542654059880	mozrunner::runner	INFO	Running command: "/usr/bin/firefox" "-marionette" "-profile" "/tmp/rust_mozprofile.Nf32Cy1gHicj"
1542654060282	Marionette	DEBUG	Received observer notification profile-after-change
1542654060773	Marionette	DEBUG	Received observer notification command-line-startup
1542654060773	Marionette	DEBUG	Received observer notification nsPref:changed
1542654060773	Marionette	DEBUG	Init aborted (running=false, enabled=true, finalUIStartup=false)

(firefox:8746): Gtk-WARNING **: 17:01:00.801: Theme parsing error: <data>:1:34: Expected ')' in color definition

(firefox:8746): Gtk-WARNING **: 17:01:00.801: Theme parsing error: <data>:1:77: Expected ')' in color definition
1542654061733	Marionette	DEBUG	Received observer notification toplevel-window-ready
1542654062873	Marionette	DEBUG	Received observer notification sessionstore-windows-restored
1542654062873	Marionette	DEBUG	Waiting for delayed startup...
1542654062961	Marionette	DEBUG	Setting recommended pref app.update.disabledForTesting to true
1542654062961	Marionette	DEBUG	Setting recommended pref security.turn_off_all_security_so_that_viruses_can_take_over_this_computer to true
1542654062962	Marionette	DEBUG	Setting recommended pref toolkit.cosmeticAnimations.enabled to false
1542654062962	Marionette	DEBUG	Setting recommended pref datareporting.policy.dataSubmissionPolicyAccepted to false
1542654062962	Marionette	DEBUG	Setting recommended pref dom.disable_beforeunload to true
1542654062992	Marionette	INFO	Listening on port 40305
1542654062992	Marionette	DEBUG	Remote service is active
1542654062996	Marionette	DEBUG	Accepted connection 0 from 127.0.0.1:45868
1542654062997	Marionette	TRACE	0 -> [0,1,"newSession",{"acceptInsecureCerts":true,"browserName":"firefox","capabilities":{"desiredCapabilities":{"acceptInsecureCerts":true,"browserName":"firefox"}}}]
1542654062997	Marionette	TRACE	0 <- [1,1,{"error":"unknown command","message":"newSession","stacktrace":"WebDriverError@chrome://marionette/content/error.js:178: ... et@chrome://marionette/content/server.js:245:8\n_onJSONObjectReady/<@chrome://marionette/content/transport.js:490:9\n"},null]
1542654080658	Marionette	DEBUG	Closed connection 0
[Parent 8746, Gecko_IOThread] WARNING: pipe error (67): Connection reset by peer: file /build/firefox-4VfQCB/firefox-63.0+build2/ipc/chromium/src/chrome/common/ipc_channel_posix.cc, line 356
[Parent 8746, Gecko_IOThread] WARNING: pipe error (94): Connection reset by peer: file /build/firefox-4VfQCB/firefox-63.0+build2/ipc/chromium/src/chrome/common/ipc_channel_posix.cc, line 356
1542654081430	Marionette	DEBUG	Received observer notification xpcom-will-shutdown
1542654081430	Marionette	DEBUG	Resetting recommended pref app.update.disabledForTesting
1542654081431	Marionette	DEBUG	Resetting recommended pref security.turn_off_all_security_so_that_viruses_can_take_over_this_computer
1542654081431	Marionette	DEBUG	Resetting recommended pref toolkit.cosmeticAnimations.enabled
1542654081431	Marionette	DEBUG	Resetting recommended pref datareporting.policy.dataSubmissionPolicyAccepted
1542654081431	Marionette	DEBUG	Resetting recommended pref dom.disable_beforeunload
1542654081431	Marionette	INFO	Stopped listening on port 40305
1542654081431	Marionette	DEBUG	Remote service is inactive
1542654081644	geckodriver::marionette	ERROR	Failed to stop browser process
1542654216634	geckodriver	INFO	geckodriver 0.20.0
1542654216641	geckodriver	INFO	Listening on 127.0.0.1:42071
1542654217644	mozrunner::runner	INFO	Running command: "/usr/bin/firefox" "-marionette" "-profile" "/tmp/rust_mozprofile.8649Yiioqvuu"
1542654218044	Marionette	DEBUG	Received observer notification profile-after-change
1542654218532	Marionette	DEBUG	Received observer notification command-line-startup
1542654218532	Marionette	DEBUG	Received observer notification nsPref:changed
1542654218532	Marionette	DEBUG	Init aborted (running=false, enabled=true, finalUIStartup=false)

(firefox:9292): Gtk-WARNING **: 17:03:38.560: Theme parsing error: <data>:1:34: Expected ')' in color definition

(firefox:9292): Gtk-WARNING **: 17:03:38.560: Theme parsing error: <data>:1:77: Expected ')' in color definition
1542654219546	Marionette	DEBUG	Received observer notification toplevel-window-ready
1542654220812	Marionette	DEBUG	Received observer notification sessionstore-windows-restored
1542654220812	Marionette	DEBUG	Waiting for delayed startup...
1542654220967	Marionette	DEBUG	Setting recommended pref app.update.disabledForTesting to true
1542654220967	Marionette	DEBUG	Setting recommended pref security.turn_off_all_security_so_that_viruses_can_take_over_this_computer to true
1542654220968	Marionette	DEBUG	Setting recommended pref toolkit.cosmeticAnimations.enabled to false
1542654220969	Marionette	DEBUG	Setting recommended pref datareporting.policy.dataSubmissionPolicyAccepted to false
1542654220969	Marionette	DEBUG	Setting recommended pref dom.disable_beforeunload to true
1542654221004	Marionette	INFO	Listening on port 40009
1542654221005	Marionette	DEBUG	Remote service is active
1542654221058	Marionette	DEBUG	Accepted connection 0 from 127.0.0.1:53254
1542654221060	Marionette	TRACE	0 -> [0,1,"newSession",{"acceptInsecureCerts":true,"browserName":"firefox","capabilities":{"desiredCapabilities":{"acceptInsecureCerts":true,"browserName":"firefox"}}}]
1542654221060	Marionette	TRACE	0 <- [1,1,{"error":"unknown command","message":"newSession","stacktrace":"WebDriverError@chrome://marionette/content/error.js:178: ... et@chrome://marionette/content/server.js:245:8\n_onJSONObjectReady/<@chrome://marionette/content/transport.js:490:9\n"},null]
1542654234028	Marionette	DEBUG	Closed connection 0
1542654234877	Marionette	DEBUG	Received observer notification xpcom-will-shutdown
1542654234878	Marionette	DEBUG	Resetting recommended pref app.update.disabledForTesting
1542654234879	Marionette	DEBUG	Resetting recommended pref security.turn_off_all_security_so_that_viruses_can_take_over_this_computer
1542654234879	Marionette	DEBUG	Resetting recommended pref toolkit.cosmeticAnimations.enabled
1542654234882	Marionette	DEBUG	Resetting recommended pref datareporting.policy.dataSubmissionPolicyAccepted
1542654234883	Marionette	DEBUG	Resetting recommended pref dom.disable_beforeunload
1542654234884	Marionette	INFO	Stopped listening on port 40009
1542654234885	Marionette	DEBUG	Remote service is inactive
1542654235093	geckodriver::marionette	ERROR	Failed to stop browser process
1542654524522	geckodriver	INFO	geckodriver 0.20.0
1542654524526	geckodriver	INFO	Listening on 127.0.0.1:39739
1542654525543	mozrunner::runner	INFO	Running command: "/usr/bin/firefox" "-marionette" "-profile" "/tmp/rust_mozprofile.sLB9jEai0N9m"
1542654525935	Marionette	DEBUG	Received observer notification profile-after-change
1542654527314	Marionette	DEBUG	Received observer notification command-line-startup
1542654527314	Marionette	DEBUG	Received observer notification nsPref:changed
1542654527315	Marionette	DEBUG	Init aborted (running=false, enabled=true, finalUIStartup=false)

(firefox:10371): Gtk-WARNING **: 17:08:47.343: Theme parsing error: <data>:1:34: Expected ')' in color definition

(firefox:10371): Gtk-WARNING **: 17:08:47.343: Theme parsing error: <data>:1:77: Expected ')' in color definition
1542654529274	Marionette	DEBUG	Received observer notification toplevel-window-ready
1542654531143	Marionette	DEBUG	Received observer notification sessionstore-windows-restored
1542654531144	Marionette	DEBUG	Waiting for delayed startup...
1542654531309	Marionette	DEBUG	Setting recommended pref app.update.disabledForTesting to true
1542654531309	Marionette	DEBUG	Setting recommended pref security.turn_off_all_security_so_that_viruses_can_take_over_this_computer to true
1542654531311	Marionette	DEBUG	Setting recommended pref toolkit.cosmeticAnimations.enabled to false
1542654531311	Marionette	DEBUG	Setting recommended pref datareporting.policy.dataSubmissionPolicyAccepted to false
1542654531312	Marionette	DEBUG	Setting recommended pref dom.disable_beforeunload to true
1542654531361	Marionette	INFO	Listening on port 37893
1542654531362	Marionette	DEBUG	Remote service is active
1542654531372	Marionette	DEBUG	Accepted connection 0 from 127.0.0.1:36348
1542654531374	Marionette	TRACE	0 -> [0,1,"newSession",{"acceptInsecureCerts":true,"browserName":"firefox","capabilities":{"desiredCapabilities":{"acceptInsecureCerts":true,"browserName":"firefox"}}}]
1542654531374	Marionette	TRACE	0 <- [1,1,{"error":"unknown command","message":"newSession","stacktrace":"WebDriverError@chrome://marionette/content/error.js:178: ... et@chrome://marionette/content/server.js:245:8\n_onJSONObjectReady/<@chrome://marionette/content/transport.js:490:9\n"},null]

(firefox:10371): GLib-GObject-WARNING **: 17:09:11.976: ../../../../gobject/gsignal.c:3492: signal name 'load_complete' is invalid for instance '0x7f6166735e20' of type 'MaiAtkType139'

(firefox:10371): GLib-GObject-WARNING **: 17:09:21.911: ../../../../gobject/gsignal.c:3492: signal name 'load_complete' is invalid for instance '0x7f617f72afb0' of type 'MaiAtkType139'
JavaScript warning: https://www.googletagmanager.com/gtag/js?id=DC-8865799, line 87: unreachable code after return statement
JavaScript warning: https://www.googletagmanager.com/gtag/js?id=DC-8865799, line 147: unreachable code after return statement
JavaScript warning: https://www.googletagmanager.com/gtag/js?id=DC-8865799, line 147: unreachable code after return statement
JavaScript warning: https://www.googletagmanager.com/gtag/js?id=DC-8865799, line 147: unreachable code after return statement
JavaScript warning: https://www.googletagmanager.com/gtag/js?id=DC-8865799, line 87: unreachable code after return statement

(firefox:10371): GLib-GObject-WARNING **: 17:09:38.354: ../../../../gobject/gsignal.c:3492: signal name 'selection_changed' is invalid for instance '0x7f61654a0330' of type 'MaiAtkType139'
JavaScript warning: https://www.googletagmanager.com/gtag/js?id=DC-8865799, line 87: unreachable code after return statement
JavaScript warning: https://www.googletagmanager.com/gtag/js?id=DC-8865799, line 147: unreachable code after return statement
JavaScript warning: https://www.googletagmanager.com/gtag/js?id=DC-8865799, line 147: unreachable code after return statement
JavaScript warning: https://www.googletagmanager.com/gtag/js?id=DC-8865799, line 147: unreachable code after return statement
JavaScript warning: https://www.googletagmanager.com/gtag/js?id=DC-8865799, line 87: unreachable code after return statement
JavaScript warning: https://www.google-analytics.com/gtm/js?id=GTM-PMJLHJ3&l=dataLayerEstadao&t=gtm12&cid=2055914042.1542654578, line 94: unreachable code after return statement
JavaScript error: resource://gre/modules/WebProgressChild.jsm, line 58: TypeError: this.mm.content is null
1542654596305	Marionette	DEBUG	Closed connection 0
[Parent 10371, Gecko_IOThread] WARNING: pipe error (67): Connection reset by peer: file /build/firefox-4VfQCB/firefox-63.0+build2/ipc/chromium/src/chrome/common/ipc_channel_posix.cc, line 356
[Parent 10371, Gecko_IOThread] WARNING: pipe error (68): Connection reset by peer: file /build/firefox-4VfQCB/firefox-63.0+build2/ipc/chromium/src/chrome/common/ipc_channel_posix.cc, line 356
1542654597450	Marionette	DEBUG	Received observer notification xpcom-will-shutdown
1542654597450	Marionette	DEBUG	Resetting recommended pref app.update.disabledForTesting
1542654597450	Marionette	DEBUG	Resetting recommended pref security.turn_off_all_security_so_that_viruses_can_take_over_this_computer
1542654597450	Marionette	DEBUG	Resetting recommended pref toolkit.cosmeticAnimations.enabled
1542654597451	Marionette	DEBUG	Resetting recommended pref datareporting.policy.dataSubmissionPolicyAccepted
1542654597451	Marionette	DEBUG	Resetting recommended pref dom.disable_beforeunload
1542654597451	Marionette	INFO	Stopped listening on port 37893
1542654597451	Marionette	DEBUG	Remote service is inactive
1542654597678	geckodriver::marionette	ERROR	Failed to stop browser process
1542654826117	geckodriver	INFO	geckodriver 0.20.0
1542654826121	geckodriver	INFO	Listening on 127.0.0.1:52359
1542654827140	mozrunner::runner	INFO	Running command: "/usr/bin/firefox" "-marionette" "-profile" "/tmp/rust_mozprofile.9zVns0cSJ794"
1542654828471	Marionette	DEBUG	Received observer notification profile-after-change
1542654828939	Marionette	DEBUG	Received observer notification command-line-startup
1542654828939	Marionette	DEBUG	Received observer notification nsPref:changed
1542654828939	Marionette	DEBUG	Init aborted (running=false, enabled=true, finalUIStartup=false)

(firefox:12457): Gtk-WARNING **: 17:13:49.089: Theme parsing error: <data>:1:34: Expected ')' in color definition

(firefox:12457): Gtk-WARNING **: 17:13:49.089: Theme parsing error: <data>:1:77: Expected ')' in color definition
1542654829960	Marionette	DEBUG	Received observer notification toplevel-window-ready
1542654831277	Marionette	DEBUG	Received observer notification sessionstore-windows-restored
1542654831277	Marionette	DEBUG	Waiting for delayed startup...
1542654831452	Marionette	DEBUG	Setting recommended pref app.update.disabledForTesting to true
1542654831452	Marionette	DEBUG	Setting recommended pref security.turn_off_all_security_so_that_viruses_can_take_over_this_computer to true
1542654831454	Marionette	DEBUG	Setting recommended pref toolkit.cosmeticAnimations.enabled to false
1542654831456	Marionette	DEBUG	Setting recommended pref datareporting.policy.dataSubmissionPolicyAccepted to false
1542654831456	Marionette	DEBUG	Setting recommended pref dom.disable_beforeunload to true
1542654831500	Marionette	INFO	Listening on port 42307
1542654831500	Marionette	DEBUG	Remote service is active
1542654831566	Marionette	DEBUG	Accepted connection 0 from 127.0.0.1:46002
1542654831568	Marionette	TRACE	0 -> [0,1,"newSession",{"acceptInsecureCerts":true,"browserName":"firefox","capabilities":{"desiredCapabilities":{"acceptInsecureCerts":true,"browserName":"firefox"}}}]
1542654831568	Marionette	TRACE	0 <- [1,1,{"error":"unknown command","message":"newSession","stacktrace":"WebDriverError@chrome://marionette/content/error.js:178: ... et@chrome://marionette/content/server.js:245:8\n_onJSONObjectReady/<@chrome://marionette/content/transport.js:490:9\n"},null]
1542654843772	Marionette	DEBUG	Closed connection 0
[Parent 12457, Gecko_IOThread] WARNING: pipe error (86): Connection reset by peer: file /build/firefox-4VfQCB/firefox-63.0+build2/ipc/chromium/src/chrome/common/ipc_channel_posix.cc, line 356
[Parent 12457, Gecko_IOThread] WARNING: pipe error (95): Connection reset by peer: file /build/firefox-4VfQCB/firefox-63.0+build2/ipc/chromium/src/chrome/common/ipc_channel_posix.cc, line 356
1542654844529	Marionette	DEBUG	Received observer notification xpcom-will-shutdown
1542654844529	Marionette	DEBUG	Resetting recommended pref app.update.disabledForTesting
1542654844530	Marionette	DEBUG	Resetting recommended pref security.turn_off_all_security_so_that_viruses_can_take_over_this_computer
1542654844530	Marionette	DEBUG	Resetting recommended pref toolkit.cosmeticAnimations.enabled
1542654844532	Marionette	DEBUG	Resetting recommended pref datareporting.policy.dataSubmissionPolicyAccepted
1542654844532	Marionette	DEBUG	Resetting recommended pref dom.disable_beforeunload
1542654844532	Marionette	INFO	Stopped listening on port 42307
1542654844533	Marionette	DEBUG	Remote service is inactive
1542654844802	geckodriver::marionette	ERROR	Failed to stop browser process
1542657828444	geckodriver::marionette	ERROR	Failed to stop browser process
